
> frontend@0.0.0 dev
> vite


  [32m[1mVITE[22m v7.1.7[39m  [2mready in [0m[1m549[22m[2m[0m ms[22m

  [32m➜[39m  [1mLocal[22m:   [36mhttp://localhost:[1m5173[22m/[39m
[2m  [32m➜[39m  [1mNetwork[22m[2m: use [22m[1m--host[22m[2m to expose[22m
[2m12:36:25 PM[22m [36m[1m[vite][22m[39m [90m[2m(client)[22m[39m [32mhmr update [39m[2m/src/App.jsx[22m
[2m12:36:25 PM[22m [36m[1m[vite][22m[39m [90m[2m(client)[22m[39m [32mhmr update [39m[2m/src/context/AuthContext.jsx[22m
[2m12:36:25 PM[22m [36m[1m[vite][22m[39m [90m[2m(client)[22m[39m [32mhmr update [39m[2m/src/App.css[22m
[2m12:49:27 PM[22m [36m[1m[vite][22m[39m [90m[2m(client)[22m[39m [32mhmr update [39m[2m/src/pages/GuiasRapidas.jsx[22m
[2m12:49:59 PM[22m [36m[1m[vite][22m[39m [90m[2m(client)[22m[39m [32mhmr update [39m[2m/src/pages/GuiasRapidas.jsx[22m
[2m12:50:19 PM[22m [36m[1m[vite][22m[39m [90m[2m(client)[22m[39m [32mhmr update [39m[2m/src/pages/GuiasRapidas.jsx[22m
[2m12:51:01 PM[22m [36m[1m[vite][22m[39m [90m[2m(client)[22m[39m [32mhmr update [39m[2m/src/pages/GuiasRapidas.jsx[22m
[2m12:51:59 PM[22m [36m[1m[vite][22m[39m [90m[2m(client)[22m[39m [32mhmr update [39m[2m/src/pages/GuiasRapidas.jsx[22m
[2m12:52:10 PM[22m [36m[1m[vite][22m[39m [90m[2m(client)[22m[39m [32mhmr update [39m[2m/src/App.css[22m
[2m12:55:12 PM[22m [36m[1m[vite][22m[39m [90m[2m(client)[22m[39m [32mhmr update [39m[2m/src/pages/GuiasRapidas.jsx[22m
[2m12:55:12 PM[22m [36m[1m[vite][22m[39m [90m[2m(client)[22m[39m [32mhmr update [39m[2m/src/App.css[22m
[2m12:56:20 PM[22m [36m[1m[vite][22m[39m [90m[2m(client)[22m[39m [32mhmr update [39m[2m/src/pages/Procedimientos.jsx[22m
[2m12:56:54 PM[22m [36m[1m[vite][22m[39m [90m[2m(client)[22m[39m [32mhmr update [39m[2m/src/pages/Procedimientos.jsx[22m
[2m12:57:16 PM[22m [36m[1m[vite][22m[39m [90m[2m(client)[22m[39m [32mhmr update [39m[2m/src/pages/Procedimientos.jsx[22m
[2m12:58:03 PM[22m [36m[1m[vite][22m[39m [90m[2m(client)[22m[39m [32mhmr update [39m[2m/src/pages/Procedimientos.jsx[22m
[2m1:02:05 PM[22m [36m[1m[vite][22m[39m [90m[2m(client)[22m[39m [32mhmr update [39m[2m/src/pages/Procedimientos.jsx[22m
[2m1:02:05 PM[22m [31m[1m[vite][22m[39m [31mInternal server error: C:\Users\mauricio.batista\Desktop\proyectos\SABER-CITRICOLA-NUEVO\frontend\src\pages\Procedimientos.jsx: Unexpected token, expected "," (745:15)

[0m [90m 743 |[31m         ) [33m:[31m (
 [90m 744 |[31m           {[90m/* 📖 Vista detallada del procedimiento */[31m}
[31m[1m>[22m[31m[90m 745 |[31m           [33m<[31m[33mdiv[31m style[33m=[31m{{
 [90m     |[31m                [31m[1m^[22m[31m
 [90m 746 |[31m             background[33m:[31m [32m'linear-gradient(135deg, #ffffff 0%, #fef3c7 100%)'[31m[33m,[31m
 [90m 747 |[31m             borderRadius[33m:[31m [32m'20px'[31m[33m,[31m
 [90m 748 |[31m             boxShadow[33m:[31m [32m'0 10px 30px rgba(0, 0, 0, 0.1)'[31m[33m,[31m[0m[39m
  Plugin: [35mvite:react-babel[39m
  File: [36mC:/Users/mauricio.batista/Desktop/proyectos/SABER-CITRICOLA-NUEVO/frontend/src/pages/Procedimientos.jsx[39m:745:15
[33m  763 |                  style={{
  764 |                    display: 'flex',
  765 |                    alignItems: 'center',
      |         ^
  766 |                    gap: '8px',
  767 |                    background: 'linear-gradient(135deg, #f97316 0%, #ea580c 100%)',[39m
      at constructor (C:\Users\mauricio.batista\Desktop\proyectos\SABER-CITRICOLA-NUEVO\frontend\node_modules\@babel\parser\lib\index.js:367:19)
      at JSXParserMixin.raise (C:\Users\mauricio.batista\Desktop\proyectos\SABER-CITRICOLA-NUEVO\frontend\node_modules\@babel\parser\lib\index.js:6630:19)
      at JSXParserMixin.unexpected (C:\Users\mauricio.batista\Desktop\proyectos\SABER-CITRICOLA-NUEVO\frontend\node_modules\@babel\parser\lib\index.js:6650:16)
      at JSXParserMixin.expect (C:\Users\mauricio.batista\Desktop\proyectos\SABER-CITRICOLA-NUEVO\frontend\node_modules\@babel\parser\lib\index.js:6930:12)
      at JSXParserMixin.parseParenAndDistinguishExpression (C:\Users\mauricio.batista\Desktop\proyectos\SABER-CITRICOLA-NUEVO\frontend\node_modules\@babel\parser\lib\index.js:11669:14)
      at JSXParserMixin.parseExprAtom (C:\Users\mauricio.batista\Desktop\proyectos\SABER-CITRICOLA-NUEVO\frontend\node_modules\@babel\parser\lib\index.js:11335:23)
      at JSXParserMixin.parseExprAtom (C:\Users\mauricio.batista\Desktop\proyectos\SABER-CITRICOLA-NUEVO\frontend\node_modules\@babel\parser\lib\index.js:4797:20)
      at JSXParserMixin.parseExprSubscripts (C:\Users\mauricio.batista\Desktop\proyectos\SABER-CITRICOLA-NUEVO\frontend\node_modules\@babel\parser\lib\index.js:11085:23)
      at JSXParserMixin.parseUpdate (C:\Users\mauricio.batista\Desktop\proyectos\SABER-CITRICOLA-NUEVO\frontend\node_modules\@babel\parser\lib\index.js:11070:21)
      at JSXParserMixin.parseMaybeUnary (C:\Users\mauricio.batista\Desktop\proyectos\SABER-CITRICOLA-NUEVO\frontend\node_modules\@babel\parser\lib\index.js:11050:23)
      at JSXParserMixin.parseMaybeUnaryOrPrivate (C:\Users\mauricio.batista\Desktop\proyectos\SABER-CITRICOLA-NUEVO\frontend\node_modules\@babel\parser\lib\index.js:10903:61)
      at JSXParserMixin.parseExprOps (C:\Users\mauricio.batista\Desktop\proyectos\SABER-CITRICOLA-NUEVO\frontend\node_modules\@babel\parser\lib\index.js:10908:23)
      at JSXParserMixin.parseMaybeConditional (C:\Users\mauricio.batista\Desktop\proyectos\SABER-CITRICOLA-NUEVO\frontend\node_modules\@babel\parser\lib\index.js:10885:23)
      at JSXParserMixin.parseMaybeAssign (C:\Users\mauricio.batista\Desktop\proyectos\SABER-CITRICOLA-NUEVO\frontend\node_modules\@babel\parser\lib\index.js:10835:21)
      at JSXParserMixin.parseConditional (C:\Users\mauricio.batista\Desktop\proyectos\SABER-CITRICOLA-NUEVO\frontend\node_modules\@babel\parser\lib\index.js:10897:29)
      at JSXParserMixin.parseMaybeConditional (C:\Users\mauricio.batista\Desktop\proyectos\SABER-CITRICOLA-NUEVO\frontend\node_modules\@babel\parser\lib\index.js:10889:17)
      at JSXParserMixin.parseMaybeAssign (C:\Users\mauricio.batista\Desktop\proyectos\SABER-CITRICOLA-NUEVO\frontend\node_modules\@babel\parser\lib\index.js:10835:21)
      at JSXParserMixin.parseExpressionBase (C:\Users\mauricio.batista\Desktop\proyectos\SABER-CITRICOLA-NUEVO\frontend\node_modules\@babel\parser\lib\index.js:10788:23)
      at C:\Users\mauricio.batista\Desktop\proyectos\SABER-CITRICOLA-NUEVO\frontend\node_modules\@babel\parser\lib\index.js:10784:39
      at JSXParserMixin.allowInAnd (C:\Users\mauricio.batista\Desktop\proyectos\SABER-CITRICOLA-NUEVO\frontend\node_modules\@babel\parser\lib\index.js:12436:12)
      at JSXParserMixin.parseExpression (C:\Users\mauricio.batista\Desktop\proyectos\SABER-CITRICOLA-NUEVO\frontend\node_modules\@babel\parser\lib\index.js:10784:17)
      at JSXParserMixin.jsxParseExpressionContainer (C:\Users\mauricio.batista\Desktop\proyectos\SABER-CITRICOLA-NUEVO\frontend\node_modules\@babel\parser\lib\index.js:4665:31)
      at JSXParserMixin.jsxParseElementAt (C:\Users\mauricio.batista\Desktop\proyectos\SABER-CITRICOLA-NUEVO\frontend\node_modules\@babel\parser\lib\index.js:4744:36)
      at JSXParserMixin.jsxParseElementAt (C:\Users\mauricio.batista\Desktop\proyectos\SABER-CITRICOLA-NUEVO\frontend\node_modules\@babel\parser\lib\index.js:4731:32)
      at JSXParserMixin.jsxParseElement (C:\Users\mauricio.batista\Desktop\proyectos\SABER-CITRICOLA-NUEVO\frontend\node_modules\@babel\parser\lib\index.js:4782:17)
      at JSXParserMixin.parseExprAtom (C:\Users\mauricio.batista\Desktop\proyectos\SABER-CITRICOLA-NUEVO\frontend\node_modules\@babel\parser\lib\index.js:4792:19)
      at JSXParserMixin.parseExprSubscripts (C:\Users\mauricio.batista\Desktop\proyectos\SABER-CITRICOLA-NUEVO\frontend\node_modules\@babel\parser\lib\index.js:11085:23)
      at JSXParserMixin.parseUpdate (C:\Users\mauricio.batista\Desktop\proyectos\SABER-CITRICOLA-NUEVO\frontend\node_modules\@babel\parser\lib\index.js:11070:21)
      at JSXParserMixin.parseMaybeUnary (C:\Users\mauricio.batista\Desktop\proyectos\SABER-CITRICOLA-NUEVO\frontend\node_modules\@babel\parser\lib\index.js:11050:23)
      at JSXParserMixin.parseMaybeUnaryOrPrivate (C:\Users\mauricio.batista\Desktop\proyectos\SABER-CITRICOLA-NUEVO\frontend\node_modules\@babel\parser\lib\index.js:10903:61)
      at JSXParserMixin.parseExprOps (C:\Users\mauricio.batista\Desktop\proyectos\SABER-CITRICOLA-NUEVO\frontend\node_modules\@babel\parser\lib\index.js:10908:23)
      at JSXParserMixin.parseMaybeConditional (C:\Users\mauricio.batista\Desktop\proyectos\SABER-CITRICOLA-NUEVO\frontend\node_modules\@babel\parser\lib\index.js:10885:23)
      at JSXParserMixin.parseMaybeAssign (C:\Users\mauricio.batista\Desktop\proyectos\SABER-CITRICOLA-NUEVO\frontend\node_modules\@babel\parser\lib\index.js:10835:21)
      at C:\Users\mauricio.batista\Desktop\proyectos\SABER-CITRICOLA-NUEVO\frontend\node_modules\@babel\parser\lib\index.js:10804:39
      at JSXParserMixin.allowInAnd (C:\Users\mauricio.batista\Desktop\proyectos\SABER-CITRICOLA-NUEVO\frontend\node_modules\@babel\parser\lib\index.js:12436:12)
      at JSXParserMixin.parseMaybeAssignAllowIn (C:\Users\mauricio.batista\Desktop\proyectos\SABER-CITRICOLA-NUEVO\frontend\node_modules\@babel\parser\lib\index.js:10804:17)
      at JSXParserMixin.parseMaybeAssignAllowInOrVoidPattern (C:\Users\mauricio.batista\Desktop\proyectos\SABER-CITRICOLA-NUEVO\frontend\node_modules\@babel\parser\lib\index.js:12503:17)
      at JSXParserMixin.parseParenAndDistinguishExpression (C:\Users\mauricio.batista\Desktop\proyectos\SABER-CITRICOLA-NUEVO\frontend\node_modules\@babel\parser\lib\index.js:11683:28)
      at JSXParserMixin.parseExprAtom (C:\Users\mauricio.batista\Desktop\proyectos\SABER-CITRICOLA-NUEVO\frontend\node_modules\@babel\parser\lib\index.js:11335:23)
      at JSXParserMixin.parseExprAtom (C:\Users\mauricio.batista\Desktop\proyectos\SABER-CITRICOLA-NUEVO\frontend\node_modules\@babel\parser\lib\index.js:4797:20)
      at JSXParserMixin.parseExprSubscripts (C:\Users\mauricio.batista\Desktop\proyectos\SABER-CITRICOLA-NUEVO\frontend\node_modules\@babel\parser\lib\index.js:11085:23)
      at JSXParserMixin.parseUpdate (C:\Users\mauricio.batista\Desktop\proyectos\SABER-CITRICOLA-NUEVO\frontend\node_modules\@babel\parser\lib\index.js:11070:21)
      at JSXParserMixin.parseMaybeUnary (C:\Users\mauricio.batista\Desktop\proyectos\SABER-CITRICOLA-NUEVO\frontend\node_modules\@babel\parser\lib\index.js:11050:23)
      at JSXParserMixin.parseMaybeUnaryOrPrivate (C:\Users\mauricio.batista\Desktop\proyectos\SABER-CITRICOLA-NUEVO\frontend\node_modules\@babel\parser\lib\index.js:10903:61)
      at JSXParserMixin.parseExprOps (C:\Users\mauricio.batista\Desktop\proyectos\SABER-CITRICOLA-NUEVO\frontend\node_modules\@babel\parser\lib\index.js:10908:23)
      at JSXParserMixin.parseMaybeConditional (C:\Users\mauricio.batista\Desktop\proyectos\SABER-CITRICOLA-NUEVO\frontend\node_modules\@babel\parser\lib\index.js:10885:23)
      at JSXParserMixin.parseMaybeAssign (C:\Users\mauricio.batista\Desktop\proyectos\SABER-CITRICOLA-NUEVO\frontend\node_modules\@babel\parser\lib\index.js:10835:21)
      at JSXParserMixin.parseExpressionBase (C:\Users\mauricio.batista\Desktop\proyectos\SABER-CITRICOLA-NUEVO\frontend\node_modules\@babel\parser\lib\index.js:10788:23)
      at C:\Users\mauricio.batista\Desktop\proyectos\SABER-CITRICOLA-NUEVO\frontend\node_modules\@babel\parser\lib\index.js:10784:39
      at JSXParserMixin.allowInAnd (C:\Users\mauricio.batista\Desktop\proyectos\SABER-CITRICOLA-NUEVO\frontend\node_modules\@babel\parser\lib\index.js:12431:16)
[2m1:02:23 PM[22m [31m[1m[vite][22m[39m [31m[2m(client)[22m[39m Pre-transform error: C:\Users\mauricio.batista\Desktop\proyectos\SABER-CITRICOLA-NUEVO\frontend\src\pages\Procedimientos.jsx: Unexpected token, expected "," (745:15)

[0m [90m 743 |[39m         ) [33m:[39m (
 [90m 744 |[39m           {[90m/* 📖 Vista detallada del procedimiento */[39m}
[31m[1m>[22m[39m[90m 745 |[39m           [33m<[39m[33mdiv[39m style[33m=[39m{{
 [90m     |[39m                [31m[1m^[22m[39m
 [90m 746 |[39m             background[33m:[39m [32m'linear-gradient(135deg, #ffffff 0%, #fef3c7 100%)'[39m[33m,[39m
 [90m 747 |[39m             borderRadius[33m:[39m [32m'20px'[39m[33m,[39m
 [90m 748 |[39m             boxShadow[33m:[39m [32m'0 10px 30px rgba(0, 0, 0, 0.1)'[39m[33m,[39m[0m
  Plugin: [35mvite:react-babel[39m
  File: [36mC:/Users/mauricio.batista/Desktop/proyectos/SABER-CITRICOLA-NUEVO/frontend/src/pages/Procedimientos.jsx[39m:745:15
[33m  763 |                  style={{
  764 |                    display: 'flex',
  765 |                    alignItems: 'center',
      |         ^
  766 |                    gap: '8px',
  767 |                    background: 'linear-gradient(135deg, #f97316 0%, #ea580c 100%)',[39m
[2m1:02:23 PM[22m [31m[1m[vite][22m[39m [31mInternal server error: C:\Users\mauricio.batista\Desktop\proyectos\SABER-CITRICOLA-NUEVO\frontend\src\pages\Procedimientos.jsx: Unexpected token, expected "," (745:15)

[0m [90m 743 |[31m         ) [33m:[31m (
 [90m 744 |[31m           {[90m/* 📖 Vista detallada del procedimiento */[31m}
[31m[1m>[22m[31m[90m 745 |[31m           [33m<[31m[33mdiv[31m style[33m=[31m{{
 [90m     |[31m                [31m[1m^[22m[31m
 [90m 746 |[31m             background[33m:[31m [32m'linear-gradient(135deg, #ffffff 0%, #fef3c7 100%)'[31m[33m,[31m
 [90m 747 |[31m             borderRadius[33m:[31m [32m'20px'[31m[33m,[31m
 [90m 748 |[31m             boxShadow[33m:[31m [32m'0 10px 30px rgba(0, 0, 0, 0.1)'[31m[33m,[31m[0m[39m
  Plugin: [35mvite:react-babel[39m
  File: [36mC:/Users/mauricio.batista/Desktop/proyectos/SABER-CITRICOLA-NUEVO/frontend/src/pages/Procedimientos.jsx[39m:745:15
[33m  763 |                  style={{
  764 |                    display: 'flex',
  765 |                    alignItems: 'center',
      |         ^
  766 |                    gap: '8px',
  767 |                    background: 'linear-gradient(135deg, #f97316 0%, #ea580c 100%)',[39m
      at constructor (C:\Users\mauricio.batista\Desktop\proyectos\SABER-CITRICOLA-NUEVO\frontend\node_modules\@babel\parser\lib\index.js:367:19)
      at JSXParserMixin.raise (C:\Users\mauricio.batista\Desktop\proyectos\SABER-CITRICOLA-NUEVO\frontend\node_modules\@babel\parser\lib\index.js:6630:19)
      at JSXParserMixin.unexpected (C:\Users\mauricio.batista\Desktop\proyectos\SABER-CITRICOLA-NUEVO\frontend\node_modules\@babel\parser\lib\index.js:6650:16)
      at JSXParserMixin.expect (C:\Users\mauricio.batista\Desktop\proyectos\SABER-CITRICOLA-NUEVO\frontend\node_modules\@babel\parser\lib\index.js:6930:12)
      at JSXParserMixin.parseParenAndDistinguishExpression (C:\Users\mauricio.batista\Desktop\proyectos\SABER-CITRICOLA-NUEVO\frontend\node_modules\@babel\parser\lib\index.js:11669:14)
      at JSXParserMixin.parseExprAtom (C:\Users\mauricio.batista\Desktop\proyectos\SABER-CITRICOLA-NUEVO\frontend\node_modules\@babel\parser\lib\index.js:11335:23)
      at JSXParserMixin.parseExprAtom (C:\Users\mauricio.batista\Desktop\proyectos\SABER-CITRICOLA-NUEVO\frontend\node_modules\@babel\parser\lib\index.js:4797:20)
      at JSXParserMixin.parseExprSubscripts (C:\Users\mauricio.batista\Desktop\proyectos\SABER-CITRICOLA-NUEVO\frontend\node_modules\@babel\parser\lib\index.js:11085:23)
      at JSXParserMixin.parseUpdate (C:\Users\mauricio.batista\Desktop\proyectos\SABER-CITRICOLA-NUEVO\frontend\node_modules\@babel\parser\lib\index.js:11070:21)
      at JSXParserMixin.parseMaybeUnary (C:\Users\mauricio.batista\Desktop\proyectos\SABER-CITRICOLA-NUEVO\frontend\node_modules\@babel\parser\lib\index.js:11050:23)
      at JSXParserMixin.parseMaybeUnaryOrPrivate (C:\Users\mauricio.batista\Desktop\proyectos\SABER-CITRICOLA-NUEVO\frontend\node_modules\@babel\parser\lib\index.js:10903:61)
      at JSXParserMixin.parseExprOps (C:\Users\mauricio.batista\Desktop\proyectos\SABER-CITRICOLA-NUEVO\frontend\node_modules\@babel\parser\lib\index.js:10908:23)
      at JSXParserMixin.parseMaybeConditional (C:\Users\mauricio.batista\Desktop\proyectos\SABER-CITRICOLA-NUEVO\frontend\node_modules\@babel\parser\lib\index.js:10885:23)
      at JSXParserMixin.parseMaybeAssign (C:\Users\mauricio.batista\Desktop\proyectos\SABER-CITRICOLA-NUEVO\frontend\node_modules\@babel\parser\lib\index.js:10835:21)
      at JSXParserMixin.parseConditional (C:\Users\mauricio.batista\Desktop\proyectos\SABER-CITRICOLA-NUEVO\frontend\node_modules\@babel\parser\lib\index.js:10897:29)
      at JSXParserMixin.parseMaybeConditional (C:\Users\mauricio.batista\Desktop\proyectos\SABER-CITRICOLA-NUEVO\frontend\node_modules\@babel\parser\lib\index.js:10889:17)
      at JSXParserMixin.parseMaybeAssign (C:\Users\mauricio.batista\Desktop\proyectos\SABER-CITRICOLA-NUEVO\frontend\node_modules\@babel\parser\lib\index.js:10835:21)
      at JSXParserMixin.parseExpressionBase (C:\Users\mauricio.batista\Desktop\proyectos\SABER-CITRICOLA-NUEVO\frontend\node_modules\@babel\parser\lib\index.js:10788:23)
      at C:\Users\mauricio.batista\Desktop\proyectos\SABER-CITRICOLA-NUEVO\frontend\node_modules\@babel\parser\lib\index.js:10784:39
      at JSXParserMixin.allowInAnd (C:\Users\mauricio.batista\Desktop\proyectos\SABER-CITRICOLA-NUEVO\frontend\node_modules\@babel\parser\lib\index.js:12436:12)
      at JSXParserMixin.parseExpression (C:\Users\mauricio.batista\Desktop\proyectos\SABER-CITRICOLA-NUEVO\frontend\node_modules\@babel\parser\lib\index.js:10784:17)
      at JSXParserMixin.jsxParseExpressionContainer (C:\Users\mauricio.batista\Desktop\proyectos\SABER-CITRICOLA-NUEVO\frontend\node_modules\@babel\parser\lib\index.js:4665:31)
      at JSXParserMixin.jsxParseElementAt (C:\Users\mauricio.batista\Desktop\proyectos\SABER-CITRICOLA-NUEVO\frontend\node_modules\@babel\parser\lib\index.js:4744:36)
      at JSXParserMixin.jsxParseElementAt (C:\Users\mauricio.batista\Desktop\proyectos\SABER-CITRICOLA-NUEVO\frontend\node_modules\@babel\parser\lib\index.js:4731:32)
      at JSXParserMixin.jsxParseElement (C:\Users\mauricio.batista\Desktop\proyectos\SABER-CITRICOLA-NUEVO\frontend\node_modules\@babel\parser\lib\index.js:4782:17)
      at JSXParserMixin.parseExprAtom (C:\Users\mauricio.batista\Desktop\proyectos\SABER-CITRICOLA-NUEVO\frontend\node_modules\@babel\parser\lib\index.js:4792:19)
      at JSXParserMixin.parseExprSubscripts (C:\Users\mauricio.batista\Desktop\proyectos\SABER-CITRICOLA-NUEVO\frontend\node_modules\@babel\parser\lib\index.js:11085:23)
      at JSXParserMixin.parseUpdate (C:\Users\mauricio.batista\Desktop\proyectos\SABER-CITRICOLA-NUEVO\frontend\node_modules\@babel\parser\lib\index.js:11070:21)
      at JSXParserMixin.parseMaybeUnary (C:\Users\mauricio.batista\Desktop\proyectos\SABER-CITRICOLA-NUEVO\frontend\node_modules\@babel\parser\lib\index.js:11050:23)
      at JSXParserMixin.parseMaybeUnaryOrPrivate (C:\Users\mauricio.batista\Desktop\proyectos\SABER-CITRICOLA-NUEVO\frontend\node_modules\@babel\parser\lib\index.js:10903:61)
      at JSXParserMixin.parseExprOps (C:\Users\mauricio.batista\Desktop\proyectos\SABER-CITRICOLA-NUEVO\frontend\node_modules\@babel\parser\lib\index.js:10908:23)
      at JSXParserMixin.parseMaybeConditional (C:\Users\mauricio.batista\Desktop\proyectos\SABER-CITRICOLA-NUEVO\frontend\node_modules\@babel\parser\lib\index.js:10885:23)
      at JSXParserMixin.parseMaybeAssign (C:\Users\mauricio.batista\Desktop\proyectos\SABER-CITRICOLA-NUEVO\frontend\node_modules\@babel\parser\lib\index.js:10835:21)
      at C:\Users\mauricio.batista\Desktop\proyectos\SABER-CITRICOLA-NUEVO\frontend\node_modules\@babel\parser\lib\index.js:10804:39
      at JSXParserMixin.allowInAnd (C:\Users\mauricio.batista\Desktop\proyectos\SABER-CITRICOLA-NUEVO\frontend\node_modules\@babel\parser\lib\index.js:12436:12)
      at JSXParserMixin.parseMaybeAssignAllowIn (C:\Users\mauricio.batista\Desktop\proyectos\SABER-CITRICOLA-NUEVO\frontend\node_modules\@babel\parser\lib\index.js:10804:17)
      at JSXParserMixin.parseMaybeAssignAllowInOrVoidPattern (C:\Users\mauricio.batista\Desktop\proyectos\SABER-CITRICOLA-NUEVO\frontend\node_modules\@babel\parser\lib\index.js:12503:17)
      at JSXParserMixin.parseParenAndDistinguishExpression (C:\Users\mauricio.batista\Desktop\proyectos\SABER-CITRICOLA-NUEVO\frontend\node_modules\@babel\parser\lib\index.js:11683:28)
      at JSXParserMixin.parseExprAtom (C:\Users\mauricio.batista\Desktop\proyectos\SABER-CITRICOLA-NUEVO\frontend\node_modules\@babel\parser\lib\index.js:11335:23)
      at JSXParserMixin.parseExprAtom (C:\Users\mauricio.batista\Desktop\proyectos\SABER-CITRICOLA-NUEVO\frontend\node_modules\@babel\parser\lib\index.js:4797:20)
      at JSXParserMixin.parseExprSubscripts (C:\Users\mauricio.batista\Desktop\proyectos\SABER-CITRICOLA-NUEVO\frontend\node_modules\@babel\parser\lib\index.js:11085:23)
      at JSXParserMixin.parseUpdate (C:\Users\mauricio.batista\Desktop\proyectos\SABER-CITRICOLA-NUEVO\frontend\node_modules\@babel\parser\lib\index.js:11070:21)
      at JSXParserMixin.parseMaybeUnary (C:\Users\mauricio.batista\Desktop\proyectos\SABER-CITRICOLA-NUEVO\frontend\node_modules\@babel\parser\lib\index.js:11050:23)
      at JSXParserMixin.parseMaybeUnaryOrPrivate (C:\Users\mauricio.batista\Desktop\proyectos\SABER-CITRICOLA-NUEVO\frontend\node_modules\@babel\parser\lib\index.js:10903:61)
      at JSXParserMixin.parseExprOps (C:\Users\mauricio.batista\Desktop\proyectos\SABER-CITRICOLA-NUEVO\frontend\node_modules\@babel\parser\lib\index.js:10908:23)
      at JSXParserMixin.parseMaybeConditional (C:\Users\mauricio.batista\Desktop\proyectos\SABER-CITRICOLA-NUEVO\frontend\node_modules\@babel\parser\lib\index.js:10885:23)
      at JSXParserMixin.parseMaybeAssign (C:\Users\mauricio.batista\Desktop\proyectos\SABER-CITRICOLA-NUEVO\frontend\node_modules\@babel\parser\lib\index.js:10835:21)
      at JSXParserMixin.parseExpressionBase (C:\Users\mauricio.batista\Desktop\proyectos\SABER-CITRICOLA-NUEVO\frontend\node_modules\@babel\parser\lib\index.js:10788:23)
      at C:\Users\mauricio.batista\Desktop\proyectos\SABER-CITRICOLA-NUEVO\frontend\node_modules\@babel\parser\lib\index.js:10784:39
      at JSXParserMixin.allowInAnd (C:\Users\mauricio.batista\Desktop\proyectos\SABER-CITRICOLA-NUEVO\frontend\node_modules\@babel\parser\lib\index.js:12431:16)
[2m1:02:29 PM[22m [36m[1m[vite][22m[39m [90m[2m(client)[22m[39m [32mhmr update [39m[2m/src/pages/Procedimientos.jsx[22m
[2m1:02:29 PM[22m [31m[1m[vite][22m[39m [31m[2m(client)[22m[39m Pre-transform error: C:\Users\mauricio.batista\Desktop\proyectos\SABER-CITRICOLA-NUEVO\frontend\src\pages\Procedimientos.jsx: Unexpected token, expected "," (745:15)

[0m [90m 743 |[39m         ) [33m:[39m (
 [90m 744 |[39m           {[90m/* 📖 Vista detallada del procedimiento */[39m}
[31m[1m>[22m[39m[90m 745 |[39m           [33m<[39m[33mdiv[39m style[33m=[39m{{
 [90m     |[39m                [31m[1m^[22m[39m
 [90m 746 |[39m             background[33m:[39m [32m'linear-gradient(135deg, #ffffff 0%, #fef3c7 100%)'[39m[33m,[39m
 [90m 747 |[39m             borderRadius[33m:[39m [32m'20px'[39m[33m,[39m
 [90m 748 |[39m             boxShadow[33m:[39m [32m'0 10px 30px rgba(0, 0, 0, 0.1)'[39m[33m,[39m[0m
  Plugin: [35mvite:react-babel[39m
  File: [36mC:/Users/mauricio.batista/Desktop/proyectos/SABER-CITRICOLA-NUEVO/frontend/src/pages/Procedimientos.jsx[39m:745:15
[33m  763 |                  style={{
  764 |                    display: 'flex',
  765 |                    alignItems: 'center',
      |         ^
  766 |                    gap: '8px',
  767 |                    background: 'linear-gradient(135deg, #f97316 0%, #ea580c 100%)',[39m
[2m1:02:29 PM[22m [31m[1m[vite][22m[39m [31mInternal server error: C:\Users\mauricio.batista\Desktop\proyectos\SABER-CITRICOLA-NUEVO\frontend\src\pages\Procedimientos.jsx: Unexpected token, expected "," (745:15)

[0m [90m 743 |[31m         ) [33m:[31m (
 [90m 744 |[31m           {[90m/* 📖 Vista detallada del procedimiento */[31m}
[31m[1m>[22m[31m[90m 745 |[31m           [33m<[31m[33mdiv[31m style[33m=[31m{{
 [90m     |[31m                [31m[1m^[22m[31m
 [90m 746 |[31m             background[33m:[31m [32m'linear-gradient(135deg, #ffffff 0%, #fef3c7 100%)'[31m[33m,[31m
 [90m 747 |[31m             borderRadius[33m:[31m [32m'20px'[31m[33m,[31m
 [90m 748 |[31m             boxShadow[33m:[31m [32m'0 10px 30px rgba(0, 0, 0, 0.1)'[31m[33m,[31m[0m[39m
  Plugin: [35mvite:react-babel[39m
  File: [36mC:/Users/mauricio.batista/Desktop/proyectos/SABER-CITRICOLA-NUEVO/frontend/src/pages/Procedimientos.jsx[39m:745:15
[33m  763 |                  style={{
  764 |                    display: 'flex',
  765 |                    alignItems: 'center',
      |         ^
  766 |                    gap: '8px',
  767 |                    background: 'linear-gradient(135deg, #f97316 0%, #ea580c 100%)',[39m
      at constructor (C:\Users\mauricio.batista\Desktop\proyectos\SABER-CITRICOLA-NUEVO\frontend\node_modules\@babel\parser\lib\index.js:367:19)
      at JSXParserMixin.raise (C:\Users\mauricio.batista\Desktop\proyectos\SABER-CITRICOLA-NUEVO\frontend\node_modules\@babel\parser\lib\index.js:6630:19)
      at JSXParserMixin.unexpected (C:\Users\mauricio.batista\Desktop\proyectos\SABER-CITRICOLA-NUEVO\frontend\node_modules\@babel\parser\lib\index.js:6650:16)
      at JSXParserMixin.expect (C:\Users\mauricio.batista\Desktop\proyectos\SABER-CITRICOLA-NUEVO\frontend\node_modules\@babel\parser\lib\index.js:6930:12)
      at JSXParserMixin.parseParenAndDistinguishExpression (C:\Users\mauricio.batista\Desktop\proyectos\SABER-CITRICOLA-NUEVO\frontend\node_modules\@babel\parser\lib\index.js:11669:14)
      at JSXParserMixin.parseExprAtom (C:\Users\mauricio.batista\Desktop\proyectos\SABER-CITRICOLA-NUEVO\frontend\node_modules\@babel\parser\lib\index.js:11335:23)
      at JSXParserMixin.parseExprAtom (C:\Users\mauricio.batista\Desktop\proyectos\SABER-CITRICOLA-NUEVO\frontend\node_modules\@babel\parser\lib\index.js:4797:20)
      at JSXParserMixin.parseExprSubscripts (C:\Users\mauricio.batista\Desktop\proyectos\SABER-CITRICOLA-NUEVO\frontend\node_modules\@babel\parser\lib\index.js:11085:23)
      at JSXParserMixin.parseUpdate (C:\Users\mauricio.batista\Desktop\proyectos\SABER-CITRICOLA-NUEVO\frontend\node_modules\@babel\parser\lib\index.js:11070:21)
      at JSXParserMixin.parseMaybeUnary (C:\Users\mauricio.batista\Desktop\proyectos\SABER-CITRICOLA-NUEVO\frontend\node_modules\@babel\parser\lib\index.js:11050:23)
      at JSXParserMixin.parseMaybeUnaryOrPrivate (C:\Users\mauricio.batista\Desktop\proyectos\SABER-CITRICOLA-NUEVO\frontend\node_modules\@babel\parser\lib\index.js:10903:61)
      at JSXParserMixin.parseExprOps (C:\Users\mauricio.batista\Desktop\proyectos\SABER-CITRICOLA-NUEVO\frontend\node_modules\@babel\parser\lib\index.js:10908:23)
      at JSXParserMixin.parseMaybeConditional (C:\Users\mauricio.batista\Desktop\proyectos\SABER-CITRICOLA-NUEVO\frontend\node_modules\@babel\parser\lib\index.js:10885:23)
      at JSXParserMixin.parseMaybeAssign (C:\Users\mauricio.batista\Desktop\proyectos\SABER-CITRICOLA-NUEVO\frontend\node_modules\@babel\parser\lib\index.js:10835:21)
      at JSXParserMixin.parseConditional (C:\Users\mauricio.batista\Desktop\proyectos\SABER-CITRICOLA-NUEVO\frontend\node_modules\@babel\parser\lib\index.js:10897:29)
      at JSXParserMixin.parseMaybeConditional (C:\Users\mauricio.batista\Desktop\proyectos\SABER-CITRICOLA-NUEVO\frontend\node_modules\@babel\parser\lib\index.js:10889:17)
      at JSXParserMixin.parseMaybeAssign (C:\Users\mauricio.batista\Desktop\proyectos\SABER-CITRICOLA-NUEVO\frontend\node_modules\@babel\parser\lib\index.js:10835:21)
      at JSXParserMixin.parseExpressionBase (C:\Users\mauricio.batista\Desktop\proyectos\SABER-CITRICOLA-NUEVO\frontend\node_modules\@babel\parser\lib\index.js:10788:23)
      at C:\Users\mauricio.batista\Desktop\proyectos\SABER-CITRICOLA-NUEVO\frontend\node_modules\@babel\parser\lib\index.js:10784:39
      at JSXParserMixin.allowInAnd (C:\Users\mauricio.batista\Desktop\proyectos\SABER-CITRICOLA-NUEVO\frontend\node_modules\@babel\parser\lib\index.js:12436:12)
      at JSXParserMixin.parseExpression (C:\Users\mauricio.batista\Desktop\proyectos\SABER-CITRICOLA-NUEVO\frontend\node_modules\@babel\parser\lib\index.js:10784:17)
      at JSXParserMixin.jsxParseExpressionContainer (C:\Users\mauricio.batista\Desktop\proyectos\SABER-CITRICOLA-NUEVO\frontend\node_modules\@babel\parser\lib\index.js:4665:31)
      at JSXParserMixin.jsxParseElementAt (C:\Users\mauricio.batista\Desktop\proyectos\SABER-CITRICOLA-NUEVO\frontend\node_modules\@babel\parser\lib\index.js:4744:36)
      at JSXParserMixin.jsxParseElementAt (C:\Users\mauricio.batista\Desktop\proyectos\SABER-CITRICOLA-NUEVO\frontend\node_modules\@babel\parser\lib\index.js:4731:32)
      at JSXParserMixin.jsxParseElement (C:\Users\mauricio.batista\Desktop\proyectos\SABER-CITRICOLA-NUEVO\frontend\node_modules\@babel\parser\lib\index.js:4782:17)
      at JSXParserMixin.parseExprAtom (C:\Users\mauricio.batista\Desktop\proyectos\SABER-CITRICOLA-NUEVO\frontend\node_modules\@babel\parser\lib\index.js:4792:19)
      at JSXParserMixin.parseExprSubscripts (C:\Users\mauricio.batista\Desktop\proyectos\SABER-CITRICOLA-NUEVO\frontend\node_modules\@babel\parser\lib\index.js:11085:23)
      at JSXParserMixin.parseUpdate (C:\Users\mauricio.batista\Desktop\proyectos\SABER-CITRICOLA-NUEVO\frontend\node_modules\@babel\parser\lib\index.js:11070:21)
      at JSXParserMixin.parseMaybeUnary (C:\Users\mauricio.batista\Desktop\proyectos\SABER-CITRICOLA-NUEVO\frontend\node_modules\@babel\parser\lib\index.js:11050:23)
      at JSXParserMixin.parseMaybeUnaryOrPrivate (C:\Users\mauricio.batista\Desktop\proyectos\SABER-CITRICOLA-NUEVO\frontend\node_modules\@babel\parser\lib\index.js:10903:61)
      at JSXParserMixin.parseExprOps (C:\Users\mauricio.batista\Desktop\proyectos\SABER-CITRICOLA-NUEVO\frontend\node_modules\@babel\parser\lib\index.js:10908:23)
      at JSXParserMixin.parseMaybeConditional (C:\Users\mauricio.batista\Desktop\proyectos\SABER-CITRICOLA-NUEVO\frontend\node_modules\@babel\parser\lib\index.js:10885:23)
      at JSXParserMixin.parseMaybeAssign (C:\Users\mauricio.batista\Desktop\proyectos\SABER-CITRICOLA-NUEVO\frontend\node_modules\@babel\parser\lib\index.js:10835:21)
      at C:\Users\mauricio.batista\Desktop\proyectos\SABER-CITRICOLA-NUEVO\frontend\node_modules\@babel\parser\lib\index.js:10804:39
      at JSXParserMixin.allowInAnd (C:\Users\mauricio.batista\Desktop\proyectos\SABER-CITRICOLA-NUEVO\frontend\node_modules\@babel\parser\lib\index.js:12436:12)
      at JSXParserMixin.parseMaybeAssignAllowIn (C:\Users\mauricio.batista\Desktop\proyectos\SABER-CITRICOLA-NUEVO\frontend\node_modules\@babel\parser\lib\index.js:10804:17)
      at JSXParserMixin.parseMaybeAssignAllowInOrVoidPattern (C:\Users\mauricio.batista\Desktop\proyectos\SABER-CITRICOLA-NUEVO\frontend\node_modules\@babel\parser\lib\index.js:12503:17)
      at JSXParserMixin.parseParenAndDistinguishExpression (C:\Users\mauricio.batista\Desktop\proyectos\SABER-CITRICOLA-NUEVO\frontend\node_modules\@babel\parser\lib\index.js:11683:28)
      at JSXParserMixin.parseExprAtom (C:\Users\mauricio.batista\Desktop\proyectos\SABER-CITRICOLA-NUEVO\frontend\node_modules\@babel\parser\lib\index.js:11335:23)
      at JSXParserMixin.parseExprAtom (C:\Users\mauricio.batista\Desktop\proyectos\SABER-CITRICOLA-NUEVO\frontend\node_modules\@babel\parser\lib\index.js:4797:20)
      at JSXParserMixin.parseExprSubscripts (C:\Users\mauricio.batista\Desktop\proyectos\SABER-CITRICOLA-NUEVO\frontend\node_modules\@babel\parser\lib\index.js:11085:23)
      at JSXParserMixin.parseUpdate (C:\Users\mauricio.batista\Desktop\proyectos\SABER-CITRICOLA-NUEVO\frontend\node_modules\@babel\parser\lib\index.js:11070:21)
      at JSXParserMixin.parseMaybeUnary (C:\Users\mauricio.batista\Desktop\proyectos\SABER-CITRICOLA-NUEVO\frontend\node_modules\@babel\parser\lib\index.js:11050:23)
      at JSXParserMixin.parseMaybeUnaryOrPrivate (C:\Users\mauricio.batista\Desktop\proyectos\SABER-CITRICOLA-NUEVO\frontend\node_modules\@babel\parser\lib\index.js:10903:61)
      at JSXParserMixin.parseExprOps (C:\Users\mauricio.batista\Desktop\proyectos\SABER-CITRICOLA-NUEVO\frontend\node_modules\@babel\parser\lib\index.js:10908:23)
      at JSXParserMixin.parseMaybeConditional (C:\Users\mauricio.batista\Desktop\proyectos\SABER-CITRICOLA-NUEVO\frontend\node_modules\@babel\parser\lib\index.js:10885:23)
      at JSXParserMixin.parseMaybeAssign (C:\Users\mauricio.batista\Desktop\proyectos\SABER-CITRICOLA-NUEVO\frontend\node_modules\@babel\parser\lib\index.js:10835:21)
      at JSXParserMixin.parseExpressionBase (C:\Users\mauricio.batista\Desktop\proyectos\SABER-CITRICOLA-NUEVO\frontend\node_modules\@babel\parser\lib\index.js:10788:23)
      at C:\Users\mauricio.batista\Desktop\proyectos\SABER-CITRICOLA-NUEVO\frontend\node_modules\@babel\parser\lib\index.js:10784:39
      at JSXParserMixin.allowInAnd (C:\Users\mauricio.batista\Desktop\proyectos\SABER-CITRICOLA-NUEVO\frontend\node_modules\@babel\parser\lib\index.js:12431:16)
[2m1:02:34 PM[22m [31m[1m[vite][22m[39m [31mInternal server error: C:\Users\mauricio.batista\Desktop\proyectos\SABER-CITRICOLA-NUEVO\frontend\src\pages\Procedimientos.jsx: Unexpected token, expected "," (745:15)

[0m [90m 743 |[31m         ) [33m:[31m (
 [90m 744 |[31m           {[90m/* 📖 Vista detallada del procedimiento */[31m}
[31m[1m>[22m[31m[90m 745 |[31m           [33m<[31m[33mdiv[31m style[33m=[31m{{
 [90m     |[31m                [31m[1m^[22m[31m
 [90m 746 |[31m             background[33m:[31m [32m'linear-gradient(135deg, #ffffff 0%, #fef3c7 100%)'[31m[33m,[31m
 [90m 747 |[31m             borderRadius[33m:[31m [32m'20px'[31m[33m,[31m
 [90m 748 |[31m             boxShadow[33m:[31m [32m'0 10px 30px rgba(0, 0, 0, 0.1)'[31m[33m,[31m[0m[39m
  Plugin: [35mvite:react-babel[39m
  File: [36mC:/Users/mauricio.batista/Desktop/proyectos/SABER-CITRICOLA-NUEVO/frontend/src/pages/Procedimientos.jsx[39m:745:15
[33m  763 |                  style={{
  764 |                    display: 'flex',
  765 |                    alignItems: 'center',
      |         ^
  766 |                    gap: '8px',
  767 |                    background: 'linear-gradient(135deg, #f97316 0%, #ea580c 100%)',[39m
      at constructor (C:\Users\mauricio.batista\Desktop\proyectos\SABER-CITRICOLA-NUEVO\frontend\node_modules\@babel\parser\lib\index.js:367:19)
      at JSXParserMixin.raise (C:\Users\mauricio.batista\Desktop\proyectos\SABER-CITRICOLA-NUEVO\frontend\node_modules\@babel\parser\lib\index.js:6630:19)
      at JSXParserMixin.unexpected (C:\Users\mauricio.batista\Desktop\proyectos\SABER-CITRICOLA-NUEVO\frontend\node_modules\@babel\parser\lib\index.js:6650:16)
      at JSXParserMixin.expect (C:\Users\mauricio.batista\Desktop\proyectos\SABER-CITRICOLA-NUEVO\frontend\node_modules\@babel\parser\lib\index.js:6930:12)
      at JSXParserMixin.parseParenAndDistinguishExpression (C:\Users\mauricio.batista\Desktop\proyectos\SABER-CITRICOLA-NUEVO\frontend\node_modules\@babel\parser\lib\index.js:11669:14)
      at JSXParserMixin.parseExprAtom (C:\Users\mauricio.batista\Desktop\proyectos\SABER-CITRICOLA-NUEVO\frontend\node_modules\@babel\parser\lib\index.js:11335:23)
      at JSXParserMixin.parseExprAtom (C:\Users\mauricio.batista\Desktop\proyectos\SABER-CITRICOLA-NUEVO\frontend\node_modules\@babel\parser\lib\index.js:4797:20)
      at JSXParserMixin.parseExprSubscripts (C:\Users\mauricio.batista\Desktop\proyectos\SABER-CITRICOLA-NUEVO\frontend\node_modules\@babel\parser\lib\index.js:11085:23)
      at JSXParserMixin.parseUpdate (C:\Users\mauricio.batista\Desktop\proyectos\SABER-CITRICOLA-NUEVO\frontend\node_modules\@babel\parser\lib\index.js:11070:21)
      at JSXParserMixin.parseMaybeUnary (C:\Users\mauricio.batista\Desktop\proyectos\SABER-CITRICOLA-NUEVO\frontend\node_modules\@babel\parser\lib\index.js:11050:23)
      at JSXParserMixin.parseMaybeUnaryOrPrivate (C:\Users\mauricio.batista\Desktop\proyectos\SABER-CITRICOLA-NUEVO\frontend\node_modules\@babel\parser\lib\index.js:10903:61)
      at JSXParserMixin.parseExprOps (C:\Users\mauricio.batista\Desktop\proyectos\SABER-CITRICOLA-NUEVO\frontend\node_modules\@babel\parser\lib\index.js:10908:23)
      at JSXParserMixin.parseMaybeConditional (C:\Users\mauricio.batista\Desktop\proyectos\SABER-CITRICOLA-NUEVO\frontend\node_modules\@babel\parser\lib\index.js:10885:23)
      at JSXParserMixin.parseMaybeAssign (C:\Users\mauricio.batista\Desktop\proyectos\SABER-CITRICOLA-NUEVO\frontend\node_modules\@babel\parser\lib\index.js:10835:21)
      at JSXParserMixin.parseConditional (C:\Users\mauricio.batista\Desktop\proyectos\SABER-CITRICOLA-NUEVO\frontend\node_modules\@babel\parser\lib\index.js:10897:29)
      at JSXParserMixin.parseMaybeConditional (C:\Users\mauricio.batista\Desktop\proyectos\SABER-CITRICOLA-NUEVO\frontend\node_modules\@babel\parser\lib\index.js:10889:17)
      at JSXParserMixin.parseMaybeAssign (C:\Users\mauricio.batista\Desktop\proyectos\SABER-CITRICOLA-NUEVO\frontend\node_modules\@babel\parser\lib\index.js:10835:21)
      at JSXParserMixin.parseExpressionBase (C:\Users\mauricio.batista\Desktop\proyectos\SABER-CITRICOLA-NUEVO\frontend\node_modules\@babel\parser\lib\index.js:10788:23)
      at C:\Users\mauricio.batista\Desktop\proyectos\SABER-CITRICOLA-NUEVO\frontend\node_modules\@babel\parser\lib\index.js:10784:39
      at JSXParserMixin.allowInAnd (C:\Users\mauricio.batista\Desktop\proyectos\SABER-CITRICOLA-NUEVO\frontend\node_modules\@babel\parser\lib\index.js:12436:12)
      at JSXParserMixin.parseExpression (C:\Users\mauricio.batista\Desktop\proyectos\SABER-CITRICOLA-NUEVO\frontend\node_modules\@babel\parser\lib\index.js:10784:17)
      at JSXParserMixin.jsxParseExpressionContainer (C:\Users\mauricio.batista\Desktop\proyectos\SABER-CITRICOLA-NUEVO\frontend\node_modules\@babel\parser\lib\index.js:4665:31)
      at JSXParserMixin.jsxParseElementAt (C:\Users\mauricio.batista\Desktop\proyectos\SABER-CITRICOLA-NUEVO\frontend\node_modules\@babel\parser\lib\index.js:4744:36)
      at JSXParserMixin.jsxParseElementAt (C:\Users\mauricio.batista\Desktop\proyectos\SABER-CITRICOLA-NUEVO\frontend\node_modules\@babel\parser\lib\index.js:4731:32)
      at JSXParserMixin.jsxParseElement (C:\Users\mauricio.batista\Desktop\proyectos\SABER-CITRICOLA-NUEVO\frontend\node_modules\@babel\parser\lib\index.js:4782:17)
      at JSXParserMixin.parseExprAtom (C:\Users\mauricio.batista\Desktop\proyectos\SABER-CITRICOLA-NUEVO\frontend\node_modules\@babel\parser\lib\index.js:4792:19)
      at JSXParserMixin.parseExprSubscripts (C:\Users\mauricio.batista\Desktop\proyectos\SABER-CITRICOLA-NUEVO\frontend\node_modules\@babel\parser\lib\index.js:11085:23)
      at JSXParserMixin.parseUpdate (C:\Users\mauricio.batista\Desktop\proyectos\SABER-CITRICOLA-NUEVO\frontend\node_modules\@babel\parser\lib\index.js:11070:21)
      at JSXParserMixin.parseMaybeUnary (C:\Users\mauricio.batista\Desktop\proyectos\SABER-CITRICOLA-NUEVO\frontend\node_modules\@babel\parser\lib\index.js:11050:23)
      at JSXParserMixin.parseMaybeUnaryOrPrivate (C:\Users\mauricio.batista\Desktop\proyectos\SABER-CITRICOLA-NUEVO\frontend\node_modules\@babel\parser\lib\index.js:10903:61)
      at JSXParserMixin.parseExprOps (C:\Users\mauricio.batista\Desktop\proyectos\SABER-CITRICOLA-NUEVO\frontend\node_modules\@babel\parser\lib\index.js:10908:23)
      at JSXParserMixin.parseMaybeConditional (C:\Users\mauricio.batista\Desktop\proyectos\SABER-CITRICOLA-NUEVO\frontend\node_modules\@babel\parser\lib\index.js:10885:23)
      at JSXParserMixin.parseMaybeAssign (C:\Users\mauricio.batista\Desktop\proyectos\SABER-CITRICOLA-NUEVO\frontend\node_modules\@babel\parser\lib\index.js:10835:21)
      at C:\Users\mauricio.batista\Desktop\proyectos\SABER-CITRICOLA-NUEVO\frontend\node_modules\@babel\parser\lib\index.js:10804:39
      at JSXParserMixin.allowInAnd (C:\Users\mauricio.batista\Desktop\proyectos\SABER-CITRICOLA-NUEVO\frontend\node_modules\@babel\parser\lib\index.js:12436:12)
      at JSXParserMixin.parseMaybeAssignAllowIn (C:\Users\mauricio.batista\Desktop\proyectos\SABER-CITRICOLA-NUEVO\frontend\node_modules\@babel\parser\lib\index.js:10804:17)
      at JSXParserMixin.parseMaybeAssignAllowInOrVoidPattern (C:\Users\mauricio.batista\Desktop\proyectos\SABER-CITRICOLA-NUEVO\frontend\node_modules\@babel\parser\lib\index.js:12503:17)
      at JSXParserMixin.parseParenAndDistinguishExpression (C:\Users\mauricio.batista\Desktop\proyectos\SABER-CITRICOLA-NUEVO\frontend\node_modules\@babel\parser\lib\index.js:11683:28)
      at JSXParserMixin.parseExprAtom (C:\Users\mauricio.batista\Desktop\proyectos\SABER-CITRICOLA-NUEVO\frontend\node_modules\@babel\parser\lib\index.js:11335:23)
      at JSXParserMixin.parseExprAtom (C:\Users\mauricio.batista\Desktop\proyectos\SABER-CITRICOLA-NUEVO\frontend\node_modules\@babel\parser\lib\index.js:4797:20)
      at JSXParserMixin.parseExprSubscripts (C:\Users\mauricio.batista\Desktop\proyectos\SABER-CITRICOLA-NUEVO\frontend\node_modules\@babel\parser\lib\index.js:11085:23)
      at JSXParserMixin.parseUpdate (C:\Users\mauricio.batista\Desktop\proyectos\SABER-CITRICOLA-NUEVO\frontend\node_modules\@babel\parser\lib\index.js:11070:21)
      at JSXParserMixin.parseMaybeUnary (C:\Users\mauricio.batista\Desktop\proyectos\SABER-CITRICOLA-NUEVO\frontend\node_modules\@babel\parser\lib\index.js:11050:23)
      at JSXParserMixin.parseMaybeUnaryOrPrivate (C:\Users\mauricio.batista\Desktop\proyectos\SABER-CITRICOLA-NUEVO\frontend\node_modules\@babel\parser\lib\index.js:10903:61)
      at JSXParserMixin.parseExprOps (C:\Users\mauricio.batista\Desktop\proyectos\SABER-CITRICOLA-NUEVO\frontend\node_modules\@babel\parser\lib\index.js:10908:23)
      at JSXParserMixin.parseMaybeConditional (C:\Users\mauricio.batista\Desktop\proyectos\SABER-CITRICOLA-NUEVO\frontend\node_modules\@babel\parser\lib\index.js:10885:23)
      at JSXParserMixin.parseMaybeAssign (C:\Users\mauricio.batista\Desktop\proyectos\SABER-CITRICOLA-NUEVO\frontend\node_modules\@babel\parser\lib\index.js:10835:21)
      at JSXParserMixin.parseExpressionBase (C:\Users\mauricio.batista\Desktop\proyectos\SABER-CITRICOLA-NUEVO\frontend\node_modules\@babel\parser\lib\index.js:10788:23)
      at C:\Users\mauricio.batista\Desktop\proyectos\SABER-CITRICOLA-NUEVO\frontend\node_modules\@babel\parser\lib\index.js:10784:39
      at JSXParserMixin.allowInAnd (C:\Users\mauricio.batista\Desktop\proyectos\SABER-CITRICOLA-NUEVO\frontend\node_modules\@babel\parser\lib\index.js:12431:16)
[2m1:03:18 PM[22m [36m[1m[vite][22m[39m [90m[2m(client)[22m[39m [32mhmr update [39m[2m/src/pages/Procedimientos.jsx[22m
[2m1:03:19 PM[22m [33m[1m[vite][22m[39m [33m[2m(client)[22m[39m [33mwarning: [33mDuplicate "onBlur" attribute in JSX element[33m
1267 |                        e.target.style.boxShadow = '0 0 0 3px rgba(249, 115, 22, 0.1)';
1268 |                      }}
1269 |                      onBlur={(e) => {
     |                      ^
1270 |                        e.target.style.borderColor = '#e5e7eb';
1271 |                        e.target.style.boxShadow = 'none';
[39m
  Plugin: [35mvite:esbuild[39m
  File: [36mC:/Users/mauricio.batista/Desktop/proyectos/SABER-CITRICOLA-NUEVO/frontend/src/pages/Procedimientos.jsx[39m
[2m1:03:47 PM[22m [36m[1m[vite][22m[39m [90m[2m(client)[22m[39m [32mhmr update [39m[2m/src/pages/Procedimientos.jsx[22m
[2m1:05:44 PM[22m [36m[1m[vite][22m[39m [90m[2m(client)[22m[39m [32mhmr update [39m[2m/src/pages/MiProgreso.jsx[22m
[2m1:06:10 PM[22m [36m[1m[vite][22m[39m [90m[2m(client)[22m[39m [32mhmr update [39m[2m/src/pages/MiProgreso.jsx[22m
[2m1:07:02 PM[22m [36m[1m[vite][22m[39m [90m[2m(client)[22m[39m [32mhmr update [39m[2m/src/pages/MiProgreso.jsx[22m
[2m1:07:51 PM[22m [36m[1m[vite][22m[39m [90m[2m(client)[22m[39m [32mhmr update [39m[2m/src/pages/MiProgreso.jsx[22m
[2m1:08:36 PM[22m [36m[1m[vite][22m[39m [90m[2m(client)[22m[39m [32mhmr update [39m[2m/src/pages/MiProgreso.jsx[22m
[2m1:09:17 PM[22m [36m[1m[vite][22m[39m [90m[2m(client)[22m[39m [32mhmr update [39m[2m/src/pages/MiProgreso.jsx[22m
[2m1:10:39 PM[22m [36m[1m[vite][22m[39m [90m[2m(client)[22m[39m [32mhmr update [39m[2m/src/pages/Procedimientos.jsx[22m
[2m1:10:39 PM[22m [36m[1m[vite][22m[39m [90m[2m(client)[22m[39m [32mhmr update [39m[2m/src/pages/MiProgreso.jsx[22m
[2m1:12:24 PM[22m [36m[1m[vite][22m[39m [90m[2m(client)[22m[39m [32mhmr update [39m[2m/src/components/NotificacionesPanel/NotificacionesPanel.jsx[22m
[2m1:12:34 PM[22m [36m[1m[vite][22m[39m [90m[2m(client)[22m[39m [32mhmr update [39m[2m/src/components/NotificacionesPanel/NotificacionesPanel.jsx[22m
[2m1:12:46 PM[22m [36m[1m[vite][22m[39m [90m[2m(client)[22m[39m [32mhmr update [39m[2m/src/components/NotificacionesPanel/NotificacionesPanel.jsx[22m
[2m1:13:30 PM[22m [36m[1m[vite][22m[39m [90m[2m(client)[22m[39m [32mhmr update [39m[2m/src/components/NotificacionesPanel/NotificacionesPanel.jsx[22m
[2m1:13:46 PM[22m [36m[1m[vite][22m[39m [90m[2m(client)[22m[39m [32mhmr update [39m[2m/src/components/NotificacionesPanel/NotificacionesPanel.jsx[22m
[2m1:14:04 PM[22m [36m[1m[vite][22m[39m [90m[2m(client)[22m[39m [32mhmr update [39m[2m/src/components/NotificacionesPanel/NotificacionesPanel.jsx[22m
[2m1:14:22 PM[22m [36m[1m[vite][22m[39m [90m[2m(client)[22m[39m [32mhmr update [39m[2m/src/components/NotificacionesPanel/NotificacionesPanel.jsx[22m
[2m1:14:39 PM[22m [36m[1m[vite][22m[39m [90m[2m(client)[22m[39m [32mhmr update [39m[2m/src/components/NotificacionesPanel/NotificacionesPanel.jsx[22m
[2m1:15:11 PM[22m [36m[1m[vite][22m[39m [90m[2m(client)[22m[39m [32mhmr update [39m[2m/src/components/NotificacionesPanel/NotificacionesPanel.jsx[22m
[2m1:15:20 PM[22m [36m[1m[vite][22m[39m [90m[2m(client)[22m[39m [32mhmr update [39m[2m/src/components/NotificacionesPanel/NotificacionesPanel.jsx[22m
[2m1:25:32 PM[22m [36m[1m[vite][22m[39m [90m[2m(client)[22m[39m [32mhmr update [39m[2m/src/components/NotificacionesPanel/NotificacionesPanel.jsx[22m
